09/29/2021 10:03:37 AM Export Excel Begin
09/29/2021 10:03:37 AM Date Range Request: 2021-08-24 10:48:00-2021-09-29 10:03:35
09/29/2021 10:06:07 AM Export Excel Begin
09/29/2021 10:06:07 AM Date Range Request: 2021-08-24 10:48:00-2021-09-29 10:06:06
09/29/2021 10:07:51 AM Export Excel Begin
09/29/2021 10:07:51 AM Date Range Request: 2021-08-24 10:48:00-2021-09-29 10:07:50
09/29/2021 10:11:47 AM Export Excel Begin
09/29/2021 10:11:47 AM Date Range Request: 2021-08-24 10:48:00-2021-09-29 10:11:45
09/29/2021 10:14:38 AM Export Excel Begin
09/29/2021 10:14:38 AM Date Range Request: 2021-08-24 10:48:00-2021-09-29 10:14:37
09/29/2021 10:16:58 AM Export Excel Begin
09/29/2021 10:16:58 AM Date Range Request: 2021-08-24 10:48:00-2021-09-29 10:16:58
09/29/2021 10:21:30 AM Export Excel Begin
09/29/2021 10:21:30 AM Date Range Request: 2021-08-24 10:48:00-2021-09-29 10:21:29
09/29/2021 10:34:36 AM Export Excel Begin
09/29/2021 10:34:36 AM Date Range Request: 2021-08-24 10:48:00-2021-09-29 10:34:34
09/29/2021 10:35:10 AM ready to send mail
09/29/2021 10:35:18 AM email successfully sent
09/29/2021 10:47:16 AM Export Excel Begin
09/29/2021 10:47:16 AM Date Range Request: 2021-08-24 10:48:00-2021-09-29 10:47:15
09/29/2021 10:47:51 AM ready to send mail
09/29/2021 10:47:56 AM email successfully sent
09/29/2021 10:48:33 AM Export Excel Begin
09/29/2021 10:48:33 AM Date Range Request: 2021-08-24 10:48:00-2021-09-29 10:48:32
09/29/2021 10:49:04 AM ready to send mail
09/29/2021 10:49:09 AM email successfully sent
09/29/2021 10:52:43 AM Export Excel Begin
09/29/2021 10:52:43 AM Date Range Request: 2021-08-24 10:48:00-2021-09-29 10:52:41
09/29/2021 10:58:11 AM Export Excel Begin
09/29/2021 10:58:11 AM Date Range Request: 2021-08-24 10:48:00-2021-09-29 10:58:10
09/29/2021 10:58:43 AM ready to send mail
09/29/2021 10:58:49 AM email successfully sent
09/29/2021 11:09:52 AM Export Excel Begin
09/29/2021 11:09:52 AM Date Range Request: 2021-08-24 10:48:00-2021-09-29 11:09:48
09/29/2021 11:10:10 AM Export Excel Begin
09/29/2021 11:10:10 AM Date Range Request: 2021-08-24 10:48:00-2021-09-29 11:09:59
09/29/2021 11:10:41 AM ready to send mail
09/29/2021 11:11:04 AM email successfully sent
09/29/2021 11:14:26 AM Export Excel Begin
09/29/2021 11:14:26 AM Date Range Request: 2021-08-24 10:48:00-2021-09-29 11:14:25
09/29/2021 11:14:57 AM ready to send mail
09/29/2021 11:15:11 AM email successfully sent
09/29/2021 11:18:17 AM Export Excel Begin
09/29/2021 11:18:17 AM Date Range Request: 2021-08-24 10:48:00-2021-09-29 11:18:05
09/29/2021 11:18:47 AM ready to send mail
09/29/2021 11:18:52 AM email successfully sent
09/29/2021 11:35:50 AM Export Excel Begin
09/29/2021 11:35:50 AM Date Range Request: 2021-08-24 10:48:00-2021-09-29 11:35:49
09/29/2021 11:36:18 AM Export Excel Begin
09/29/2021 11:36:18 AM Date Range Request: 2021-08-24 10:48:00-2021-09-29 11:36:04
09/29/2021 11:36:48 AM ready to send mail
09/29/2021 11:36:53 AM email successfully sent
09/29/2021 11:40:04 AM Export Excel Begin
09/29/2021 11:40:04 AM Date Range Request: 2021-08-24 10:48:00-2021-09-29 11:40:02
09/29/2021 11:40:35 AM ready to send mail
09/29/2021 11:40:49 AM email successfully sent
09/29/2021 11:48:57 AM Export Excel Begin
09/29/2021 11:48:57 AM Date Range Request: 2021-08-24 10:48:00-2021-09-29 11:48:55
09/29/2021 11:49:29 AM ready to send mail
09/29/2021 11:49:35 AM email successfully sent
09/29/2021 11:50:46 AM Export Excel Begin
09/29/2021 11:50:46 AM Date Range Request: 2021-08-24 10:48:00-2021-09-29 11:50:44
09/29/2021 11:51:18 AM ready to send mail
09/29/2021 11:51:23 AM email successfully sent
09/29/2021 12:00:53 PM Export Excel Begin
09/29/2021 12:00:53 PM Date Range Request: 2021-08-24 10:48:00-2021-09-29 12:00:51
09/29/2021 12:01:36 PM ready to send mail
09/29/2021 12:01:43 PM email successfully sent
09/29/2021 01:17:51 PM Export Excel Begin
09/29/2021 01:17:51 PM Date Range Request: 2021-08-24 10:48:00-2021-09-29 13:17:48
09/29/2021 01:18:11 PM Export Excel Begin
09/29/2021 01:18:11 PM Date Range Request: 2021-08-24 10:48:00-2021-09-29 13:17:59
09/29/2021 01:28:04 PM Export Excel Begin
09/29/2021 01:28:04 PM Date Range Request: 2021-08-24 10:48:00-2021-09-29 13:28:02
09/29/2021 01:28:11 PM Export Excel Begin
09/29/2021 01:28:11 PM Date Range Request: 2021-08-24 10:48:00-2021-09-29 13:28:09
09/29/2021 01:30:40 PM Export Excel Begin
09/29/2021 01:30:40 PM Date Range Request: 2021-08-24 10:48:00-2021-09-29 13:30:39
09/29/2021 01:36:14 PM Export Excel Begin
09/29/2021 01:36:14 PM Date Range Request: 2021-08-24 10:48:00-2021-09-29 13:36:12
09/29/2021 01:37:22 PM Export Excel Begin
09/29/2021 01:37:22 PM Date Range Request: 2021-08-24 10:48:00-2021-09-29 13:37:21
09/29/2021 01:40:09 PM Export Excel Begin
09/29/2021 01:40:09 PM Date Range Request: 2021-08-24 10:48:00-2021-09-29 13:40:08
09/29/2021 01:40:20 PM Export Excel Begin
09/29/2021 01:40:20 PM Date Range Request: 2021-08-24 10:48:00-2021-09-29 13:40:18
09/29/2021 01:41:54 PM Export Excel Begin
09/29/2021 01:41:54 PM Date Range Request: 2021-08-24 10:48:00-2021-09-29 13:41:53
09/29/2021 01:44:45 PM Export Excel Begin
09/29/2021 01:44:45 PM Date Range Request: 2021-08-24 10:48:00-2021-09-29 13:44:32
09/29/2021 01:46:30 PM Export Excel Begin
09/29/2021 01:46:30 PM Date Range Request: 2021-08-24 10:48:00-2021-09-29 13:46:18
09/29/2021 01:57:25 PM Export Excel Begin
09/29/2021 01:57:25 PM Date Range Request: 2021-08-24 10:48:00-2021-09-29 13:57:21
09/29/2021 01:57:45 PM Export Excel Begin
09/29/2021 01:57:45 PM Date Range Request: 2021-08-24 10:48:00-2021-09-29 13:57:34
09/29/2021 01:59:26 PM Export Excel Begin
09/29/2021 01:59:26 PM Date Range Request: 2021-08-24 10:48:00-2021-09-29 13:59:25
09/29/2021 01:59:46 PM Export Excel Begin
09/29/2021 01:59:46 PM Date Range Request: 2021-08-24 10:48:00-2021-09-29 13:59:33
09/29/2021 02:01:41 PM Export Excel Begin
09/29/2021 02:01:41 PM Date Range Request: 2021-08-24 10:48:00-2021-09-29 14:01:39
09/29/2021 02:01:49 PM Export Excel Begin
09/29/2021 02:01:49 PM Date Range Request: 2021-08-24 10:48:00-2021-09-29 14:01:48
09/29/2021 02:02:23 PM ready to send mail
09/29/2021 02:02:29 PM email successfully sent
09/29/2021 02:07:35 PM Export Excel Begin
09/29/2021 02:07:35 PM Date Range Request: 2021-08-24 10:48:00-2021-09-29 14:07:33
09/29/2021 02:07:47 PM Export Excel Begin
09/29/2021 02:07:47 PM Date Range Request: 2021-08-24 10:48:00-2021-09-29 14:07:45
09/29/2021 02:08:20 PM ready to send mail
09/29/2021 02:08:24 PM email successfully sent
09/29/2021 02:14:59 PM Export Excel Begin
09/29/2021 02:14:59 PM Date Range Request: 2021-08-24 10:48:00-2021-09-29 14:14:48
09/29/2021 02:15:30 PM ready to send mail
09/29/2021 02:15:34 PM email successfully sent
