09/28/2021 09:16:25 AM Export Excel Begin
09/28/2021 09:16:25 AM Date Range Request: 2021-09-24 10:48:00-2021-09-28 09:16:23
09/28/2021 09:19:20 AM Export Excel Begin
09/28/2021 09:19:20 AM Date Range Request: 2021-09-24 10:48:00-2021-09-28 09:19:20
09/28/2021 09:40:03 AM Export Excel Begin
09/28/2021 09:40:03 AM Date Range Request: 2021-09-24 10:48:00-2021-09-28 09:40:02
09/28/2021 09:40:10 AM Export Excel Begin
09/28/2021 09:40:10 AM Date Range Request: 2021-09-24 10:48:00-2021-09-28 09:40:09
09/28/2021 09:44:13 AM Export Excel Begin
09/28/2021 09:44:13 AM Date Range Request: 2021-09-24 10:48:00-2021-09-28 09:44:01
09/28/2021 10:43:40 AM Export Excel Begin
09/28/2021 10:43:40 AM Date Range Request: 2021-09-24 10:48:00-2021-09-28 10:43:39
09/28/2021 10:43:47 AM Export Excel Begin
09/28/2021 10:43:47 AM Date Range Request: 2021-09-24 10:48:00-2021-09-28 10:43:46
09/28/2021 10:44:53 AM Export Excel Begin
09/28/2021 10:44:53 AM Date Range Request: 2021-09-24 10:48:00-2021-09-28 10:44:41
09/28/2021 10:45:52 AM Export Excel Begin
09/28/2021 10:45:52 AM Date Range Request: 2021-09-24 10:48:00-2021-09-28 10:45:51
09/28/2021 10:48:52 AM Export Excel Begin
09/28/2021 10:48:52 AM Date Range Request: 2021-09-24 10:48:00-2021-09-28 10:48:52
09/28/2021 10:50:00 AM Export Excel Begin
09/28/2021 10:50:00 AM Date Range Request: 2021-09-24 10:48:00-2021-09-28 10:49:48
09/28/2021 10:50:24 AM Export Excel Begin
09/28/2021 10:50:24 AM Date Range Request: 2021-09-24 10:48:00-2021-09-28 10:50:23
09/28/2021 10:50:31 AM ready to send mail
09/28/2021 10:50:37 AM email successfully sent
09/28/2021 10:59:04 AM Export Excel Begin
09/28/2021 10:59:04 AM Date Range Request: 2021-09-24 10:48:00-2021-09-28 10:59:02
09/28/2021 10:59:10 AM ready to send mail
09/28/2021 10:59:15 AM email successfully sent
09/28/2021 11:05:38 AM Export Excel Begin
09/28/2021 11:05:38 AM Date Range Request: 2021-09-24 10:48:00-2021-09-28 11:05:38
09/28/2021 11:06:41 AM Export Excel Begin
09/28/2021 11:06:41 AM Date Range Request: 2021-09-24 10:48:00-2021-09-28 11:06:40
09/28/2021 11:11:20 AM Export Excel Begin
09/28/2021 11:11:20 AM Date Range Request: 2021-09-24 10:48:00-2021-09-28 11:11:19
09/28/2021 11:20:17 AM Export Excel Begin
09/28/2021 11:20:17 AM Date Range Request: 2021-09-24 10:48:00-2021-09-28 11:20:05
09/28/2021 11:20:25 AM Export Excel Begin
09/28/2021 11:20:25 AM Date Range Request: 2021-09-24 10:48:00-2021-09-28 11:20:24
09/28/2021 11:26:30 AM Export Excel Begin
09/28/2021 11:26:30 AM Date Range Request: 2021-09-24 10:48:00-2021-09-28 11:26:29
09/28/2021 11:28:00 AM Export Excel Begin
09/28/2021 11:28:00 AM Date Range Request: 2021-09-24 10:48:00-2021-09-28 11:27:59
09/28/2021 11:28:07 AM Export Excel Begin
09/28/2021 11:28:07 AM Date Range Request: 2021-09-24 10:48:00-2021-09-28 11:28:06
09/28/2021 11:28:13 AM ready to send mail
09/28/2021 11:28:18 AM email successfully sent
09/28/2021 11:50:04 AM Export Excel Begin
09/28/2021 11:50:04 AM Date Range Request: 2021-09-24 10:48:00-2021-09-28 11:49:52
09/28/2021 11:50:10 AM ready to send mail
09/28/2021 11:50:14 AM email successfully sent
09/28/2021 11:57:11 AM Export Excel Begin
09/28/2021 11:57:11 AM Date Range Request: 2021-09-24 10:48:00-2021-09-28 11:57:09
09/28/2021 11:57:16 AM ready to send mail
09/28/2021 11:57:20 AM email successfully sent
09/28/2021 01:16:50 PM Export Excel Begin
09/28/2021 01:16:50 PM Date Range Request: 2021-09-24 10:48:00-2021-09-28 13:16:48
09/28/2021 01:16:55 PM ready to send mail
09/28/2021 01:17:03 PM email successfully sent
09/28/2021 01:44:49 PM Export Excel Begin
09/28/2021 01:44:49 PM Date Range Request: 2021-09-24 10:48:00-2021-09-28 13:44:33
09/28/2021 01:45:01 PM ready to send mail
09/28/2021 01:45:06 PM email successfully sent
09/28/2021 01:48:07 PM Export Excel Begin
09/28/2021 01:48:07 PM Date Range Request: 2021-09-24 10:48:00-2021-09-28 13:48:01
09/28/2021 01:48:13 PM ready to send mail
09/28/2021 01:48:19 PM email successfully sent
09/28/2021 01:56:59 PM Export Excel Begin
09/28/2021 01:56:59 PM Date Range Request: 2021-09-24 10:48:00-2021-09-28 13:56:42
09/28/2021 01:57:06 PM ready to send mail
09/28/2021 01:57:13 PM email successfully sent
09/28/2021 01:59:29 PM Export Excel Begin
09/28/2021 01:59:29 PM Date Range Request: 2021-09-24 10:48:00-2021-09-28 13:59:29
09/28/2021 01:59:35 PM ready to send mail
09/28/2021 01:59:39 PM email successfully sent
09/28/2021 02:05:45 PM Export Excel Begin
09/28/2021 02:05:45 PM Date Range Request: 2021-09-24 10:48:00-2021-09-28 14:05:43
09/28/2021 02:05:51 PM ready to send mail
09/28/2021 02:05:55 PM email successfully sent
09/28/2021 02:08:34 PM Export Excel Begin
09/28/2021 02:08:34 PM Date Range Request: 2021-09-24 10:48:00-2021-09-28 14:08:22
09/28/2021 02:09:52 PM Export Excel Begin
09/28/2021 02:09:52 PM Date Range Request: 2021-09-24 10:48:00-2021-09-28 14:09:51
09/28/2021 02:09:58 PM ready to send mail
09/28/2021 02:10:01 PM email successfully sent
09/28/2021 02:11:10 PM Export Excel Begin
09/28/2021 02:11:10 PM Date Range Request: 2021-09-24 10:48:00-2021-09-28 14:11:08
09/28/2021 02:11:17 PM Export Excel Begin
09/28/2021 02:11:17 PM Date Range Request: 2021-09-24 10:48:00-2021-09-28 14:11:15
09/28/2021 02:11:23 PM ready to send mail
09/28/2021 02:11:28 PM email successfully sent
09/28/2021 02:24:42 PM Export Excel Begin
09/28/2021 02:24:42 PM Date Range Request: 2021-09-24 10:48:00-2021-09-28 14:24:41
09/28/2021 02:24:49 PM ready to send mail
09/28/2021 02:24:54 PM email successfully sent
09/28/2021 02:26:41 PM Export Excel Begin
09/28/2021 02:26:41 PM Date Range Request: 2021-09-24 10:48:00-2021-09-28 14:26:40
09/28/2021 02:26:48 PM ready to send mail
09/28/2021 02:26:52 PM email successfully sent
09/28/2021 02:46:47 PM Export Excel Begin
09/28/2021 02:46:47 PM Date Range Request: 2021-09-24 10:48:00-2021-09-28 14:46:47
09/28/2021 02:47:00 PM Export Excel Begin
09/28/2021 02:47:00 PM Date Range Request: 2021-09-24 10:48:00-2021-09-28 14:47:00
09/28/2021 02:49:58 PM Export Excel Begin
09/28/2021 02:49:58 PM Date Range Request: 2021-09-24 10:48:00-2021-09-28 14:49:58
09/28/2021 02:53:11 PM Export Excel Begin
09/28/2021 02:53:11 PM Date Range Request: 2021-09-24 10:48:00-2021-09-28 14:53:11
09/28/2021 02:54:08 PM Export Excel Begin
09/28/2021 02:54:08 PM Date Range Request: 2021-09-24 10:48:00-2021-09-28 14:54:08
09/28/2021 02:56:40 PM Export Excel Begin
09/28/2021 02:56:40 PM Date Range Request: 2021-09-24 10:48:00-2021-09-28 14:56:40
09/28/2021 02:57:29 PM Export Excel Begin
09/28/2021 02:57:29 PM Date Range Request: 2021-09-24 10:48:00-2021-09-28 14:57:29
09/28/2021 03:15:45 PM Export Excel Begin
09/28/2021 03:15:45 PM Date Range Request: 2021-09-24 10:48:00-2021-09-28 15:15:36
09/28/2021 03:15:52 PM Export Excel Begin
09/28/2021 03:15:52 PM Date Range Request: 2021-09-24 10:48:00-2021-09-28 15:15:51
09/28/2021 03:16:10 PM Export Excel Begin
09/28/2021 03:16:10 PM Date Range Request: 2021-09-24 10:48:00-2021-09-28 15:15:59
09/28/2021 03:25:18 PM Export Excel Begin
09/28/2021 03:25:18 PM Date Range Request: 2021-09-24 10:48:00-2021-09-28 15:25:17
09/28/2021 03:25:37 PM Export Excel Begin
09/28/2021 03:25:37 PM Date Range Request: 2021-09-24 10:48:00-2021-09-28 15:25:26
09/28/2021 03:25:45 PM ready to send mail
09/28/2021 03:25:52 PM email successfully sent
09/28/2021 03:26:45 PM Export Excel Begin
09/28/2021 03:26:45 PM Date Range Request: 2021-09-24 10:48:00-2021-09-28 15:26:44
09/28/2021 03:26:51 PM ready to send mail
09/28/2021 03:26:59 PM email successfully sent
